  [1m[35m (0.3ms)[0m  [1m[34mSELECT sqlite_version(*)[0m
  ↳ /usr/bin/rake:23
  [1m[35m (22.3ms)[0m  [1m[35mCREATE TABLE "schema_migrations" ("version" varchar NOT NULL PRIMARY KEY)[0m
  ↳ /usr/bin/rake:23
  [1m[35m (23.7ms)[0m  [1m[35mCREATE TABLE "ar_internal_metadata" ("key" varchar NOT NULL PRIMARY KEY, "value" varchar, "created_at" datetime NOT NULL, "updated_at" datetime NOT NULL)[0m
  ↳ /usr/bin/rake:23
  [1m[35m (0.7ms)[0m  [1m[34mSELECT "schema_migrations"."version" FROM "schema_migrations" ORDER BY "schema_migrations"."version" ASC[0m
  ↳ /usr/bin/rake:23
Migrating to CreatePosts (20200812023039)
  [1m[35m (0.2ms)[0m  [1m[36mbegin transaction[0m
  ↳ /usr/bin/rake:23
  [1m[35m (4.4ms)[0m  [1m[35mCREATE TABLE "posts" ("id" integer PRIMARY KEY AUTOINCREMENT NOT NULL, "title" varchar, "body" text, "created_at" datetime NOT NULL, "updated_at" datetime NOT NULL)[0m
  ↳ db/migrate/20200812023039_create_posts.rb:3
  [1m[36mActiveRecord::SchemaMigration Create (1.8ms)[0m  [1m[32mINSERT INTO "schema_migrations" ("version") VALUES (?)[0m  [["version", "20200812023039"]]
  ↳ /usr/bin/rake:23
  [1m[35m (18.9ms)[0m  [1m[36mcommit transaction[0m
  ↳ /usr/bin/rake:23
Migrating to CreateComments (20200812023103)
  [1m[35m (0.2ms)[0m  [1m[36mbegin transaction[0m
  ↳ /usr/bin/rake:23
  [1m[35m (4.4ms)[0m  [1m[35mCREATE TABLE "comments" ("id" integer PRIMARY KEY AUTOINCREMENT NOT NULL, "post_id" integer, "body" text, "created_at" datetime NOT NULL, "updated_at" datetime NOT NULL, CONSTRAINT "fk_rails_2fd19c0db7"
FOREIGN KEY ("post_id")
  REFERENCES "posts" ("id")
)[0m
  ↳ db/migrate/20200812023103_create_comments.rb:3
  [1m[35m (0.6ms)[0m  [1m[35mCREATE  INDEX "index_comments_on_post_id" ON "comments" ("post_id")[0m
  ↳ db/migrate/20200812023103_create_comments.rb:3
  [1m[36mActiveRecord::SchemaMigration Create (0.5ms)[0m  [1m[32mINSERT INTO "schema_migrations" ("version") VALUES (?)[0m  [["version", "20200812023103"]]
  ↳ /usr/bin/rake:23
  [1m[35m (19.1ms)[0m  [1m[36mcommit transaction[0m
  ↳ /usr/bin/rake:23
  [1m[36mActiveRecord::InternalMetadata Load (4.9ms)[0m  [1m[34mSELECT  "ar_internal_metadata".* FROM "ar_internal_metadata" WHERE "ar_internal_metadata"."key" = ? LIMIT ?[0m  [["key", "environment"], ["LIMIT", 1]]
  ↳ /usr/bin/rake:23
  [1m[35m (4.7ms)[0m  [1m[36mbegin transaction[0m
  ↳ /usr/bin/rake:23
  [1m[36mActiveRecord::InternalMetadata Create (4.1ms)[0m  [1m[32mINSERT INTO "ar_internal_metadata" ("key", "value", "created_at", "updated_at") VALUES (?, ?, ?, ?)[0m  [["key", "environment"], ["value", "development"], ["created_at", "2020-08-12 02:31:25.715072"], ["updated_at", "2020-08-12 02:31:25.715072"]]
  ↳ /usr/bin/rake:23
  [1m[35m (10.4ms)[0m  [1m[36mcommit transaction[0m
  ↳ /usr/bin/rake:23
  [1m[35m (0.3ms)[0m  [1m[34mSELECT "schema_migrations"."version" FROM "schema_migrations" ORDER BY "schema_migrations"."version" ASC[0m
  ↳ /usr/bin/rake:23
Started GET "/" for 127.0.0.1 at 2020-08-11 21:32:28 -0500
  [1m[35m (0.6ms)[0m  [1m[34mSELECT "schema_migrations"."version" FROM "schema_migrations" ORDER BY "schema_migrations"."version" ASC[0m
  ↳ /usr/lib/ruby/vendor_ruby/web_console/middleware.rb:135
Processing by Rails::WelcomeController#index as HTML
  Rendering /usr/share/rubygems-integration/all/gems/railties-5.2.3/lib/rails/templates/rails/welcome/index.html.erb
  Rendered /usr/share/rubygems-integration/all/gems/railties-5.2.3/lib/rails/templates/rails/welcome/index.html.erb (59.5ms)
Completed 200 OK in 258ms (Views: 169.4ms | ActiveRecord: 0.0ms)


Started GET "/posts" for 127.0.0.1 at 2020-08-11 21:32:46 -0500
Processing by PostsController#index as HTML
  Rendering posts/index.html.erb within layouts/application
  [1m[36mPost Load (0.7ms)[0m  [1m[34mSELECT "posts".* FROM "posts"[0m
  ↳ app/views/posts/index.html.erb:15
  Rendered posts/index.html.erb within layouts/application (47.1ms)
Completed 200 OK in 12759ms (Views: 12711.2ms | ActiveRecord: 2.2ms)


Started GET "/posts/new" for 127.0.0.1 at 2020-08-11 21:33:02 -0500
Processing by PostsController#new as HTML
  Rendering posts/new.html.erb within layouts/application
  Rendered posts/_form.html.erb (284.9ms)
  Rendered posts/new.html.erb within layouts/application (316.1ms)
Completed 200 OK in 620ms (Views: 549.0ms | ActiveRecord: 7.7ms)


Started POST "/posts" for 127.0.0.1 at 2020-08-11 21:33:29 -0500
Processing by PostsController#create as HTML
  Parameters: {"utf8"=>"✓", "authenticity_token"=>"VblCaHX3owiuDQWjx0WYj0pVfDmnUPqGF9D0X29UQ8JV/aLyFSWfuKZpjHTrXOSHUOWE3JHhw77muatp2pKYgQ==", "post"=>{"title"=>"Post de Prueba", "body"=>"Esta es la prueba para comprobar la tarea"}, "commit"=>"Create Post"}
  [1m[35m (0.3ms)[0m  [1m[36mbegin transaction[0m
  ↳ app/controllers/posts_controller.rb:30
  [1m[36mPost Create (7.2ms)[0m  [1m[32mINSERT INTO "posts" ("title", "body", "created_at", "updated_at") VALUES (?, ?, ?, ?)[0m  [["title", "Post de Prueba"], ["body", "Esta es la prueba para comprobar la tarea"], ["created_at", "2020-08-12 02:33:29.799347"], ["updated_at", "2020-08-12 02:33:29.799347"]]
  ↳ app/controllers/posts_controller.rb:30
  [1m[35m (14.4ms)[0m  [1m[36mcommit transaction[0m
  ↳ app/controllers/posts_controller.rb:30
Redirected to http://localhost:3000/posts/1
Completed 302 Found in 98ms (ActiveRecord: 21.9ms)


Started GET "/posts/1" for 127.0.0.1 at 2020-08-11 21:33:29 -0500
Processing by PostsController#show as HTML
  Parameters: {"id"=>"1"}
  [1m[36mPost Load (0.8ms)[0m  [1m[34mSELECT  "posts".* FROM "posts" WHERE "posts"."id" = ? LIMIT ?[0m  [["id", 1], ["LIMIT", 1]]
  ↳ app/controllers/posts_controller.rb:67
  Rendering posts/show.html.erb within layouts/application
  Rendered posts/show.html.erb within layouts/application (7.8ms)
Completed 200 OK in 279ms (Views: 216.0ms | ActiveRecord: 0.8ms)


Started GET "/posts" for 127.0.0.1 at 2020-08-11 21:33:33 -0500
Processing by PostsController#index as HTML
  Rendering posts/index.html.erb within layouts/application
  [1m[36mPost Load (0.4ms)[0m  [1m[34mSELECT "posts".* FROM "posts"[0m
  ↳ app/views/posts/index.html.erb:15
  Rendered posts/index.html.erb within layouts/application (20.2ms)
Completed 200 OK in 290ms (Views: 275.6ms | ActiveRecord: 0.4ms)


Started GET "/comments" for 127.0.0.1 at 2020-08-11 21:33:48 -0500
Processing by CommentsController#index as HTML
  Rendering comments/index.html.erb within layouts/application
  [1m[36mComment Load (1.3ms)[0m  [1m[34mSELECT "comments".* FROM "comments"[0m
  ↳ app/views/comments/index.html.erb:15
  Rendered comments/index.html.erb within layouts/application (31.8ms)
Completed 200 OK in 430ms (Views: 317.3ms | ActiveRecord: 3.1ms)


Started GET "/comments/new" for 127.0.0.1 at 2020-08-11 21:33:52 -0500
Processing by CommentsController#new as HTML
  Rendering comments/new.html.erb within layouts/application
  Rendered comments/_form.html.erb (59.3ms)
  Rendered comments/new.html.erb within layouts/application (80.5ms)
Completed 200 OK in 680ms (Views: 558.5ms | ActiveRecord: 5.9ms)


Started POST "/comments" for 127.0.0.1 at 2020-08-11 21:34:11 -0500
Processing by CommentsController#create as HTML
  Parameters: {"utf8"=>"✓", "authenticity_token"=>"9w6t/KFl1HebdA+SRjQUMcsdgiP+JBgFHn8MTpfbaeD3Sk1mwbfox5MQhkVqLWg50a16xsiVIT3vFlN4Ih2yow==", "comment"=>{"post_id"=>"1", "body"=>"Primer comentario del post 1"}, "commit"=>"Create Comment"}
  [1m[35m (0.2ms)[0m  [1m[36mbegin transaction[0m
  ↳ app/controllers/comments_controller.rb:30
  [1m[36mPost Load (0.9ms)[0m  [1m[34mSELECT  "posts".* FROM "posts" WHERE "posts"."id" = ? LIMIT ?[0m  [["id", 1], ["LIMIT", 1]]
  ↳ app/controllers/comments_controller.rb:30
  [1m[36mComment Create (17.4ms)[0m  [1m[32mINSERT INTO "comments" ("post_id", "body", "created_at", "updated_at") VALUES (?, ?, ?, ?)[0m  [["post_id", 1], ["body", "Primer comentario del post 1"], ["created_at", "2020-08-12 02:34:12.658965"], ["updated_at", "2020-08-12 02:34:12.658965"]]
  ↳ app/controllers/comments_controller.rb:30
  [1m[35m (15.0ms)[0m  [1m[36mcommit transaction[0m
  ↳ app/controllers/comments_controller.rb:30
Redirected to http://localhost:3000/comments/1
Completed 302 Found in 751ms (ActiveRecord: 33.5ms)


Started GET "/comments/1" for 127.0.0.1 at 2020-08-11 21:34:12 -0500
Processing by CommentsController#show as HTML
  Parameters: {"id"=>"1"}
  [1m[36mComment Load (0.8ms)[0m  [1m[34mSELECT  "comments".* FROM "comments" WHERE "comments"."id" = ? LIMIT ?[0m  [["id", 1], ["LIMIT", 1]]
  ↳ app/controllers/comments_controller.rb:67
  Rendering comments/show.html.erb within layouts/application
  [1m[36mPost Load (0.5ms)[0m  [1m[34mSELECT  "posts".* FROM "posts" WHERE "posts"."id" = ? LIMIT ?[0m  [["id", 1], ["LIMIT", 1]]
  ↳ app/views/comments/show.html.erb:5
  Rendered comments/show.html.erb within layouts/application (30.4ms)
Completed 200 OK in 433ms (Views: 393.6ms | ActiveRecord: 1.3ms)


Started GET "/comments" for 127.0.0.1 at 2020-08-11 21:34:16 -0500
Processing by CommentsController#index as HTML
  Rendering comments/index.html.erb within layouts/application
  [1m[36mComment Load (0.5ms)[0m  [1m[34mSELECT "comments".* FROM "comments"[0m
  ↳ app/views/comments/index.html.erb:15
  [1m[36mPost Load (0.5ms)[0m  [1m[34mSELECT  "posts".* FROM "posts" WHERE "posts"."id" = ? LIMIT ?[0m  [["id", 1], ["LIMIT", 1]]
  ↳ app/views/comments/index.html.erb:17
  Rendered comments/index.html.erb within layouts/application (58.2ms)
Completed 200 OK in 378ms (Views: 360.1ms | ActiveRecord: 1.0ms)


